[13:43:09] [main/INFO]: Environment: authHost='https://authserver.mojang.com', accountsHost='https://api.mojang.com', sessionHost='https://sessionserver.mojang.com', servicesHost='https://api.minecraftservices.com', name='PROD'
[13:43:09] [main/INFO]: Found new data pack file/bukkit, loading it automatically
[13:43:10] [main/INFO]: Reloading ResourceManager: Default, bukkit
[13:43:10] [Worker-Main-2/INFO]: Loaded 7 recipes
[13:43:11] [Server thread/INFO]: Starting minecraft server version 1.16.4
[13:43:11] [Server thread/INFO]: Loading properties
[13:43:11] [Server thread/INFO]: This server is running Paper version git-Paper-416 (MC: 1.16.4) (Implementing API version 1.16.4-R0.1-SNAPSHOT)
[13:43:11] [Server thread/INFO]: Debug logging is disabled
[13:43:11] [Server thread/INFO]: Server Ping Player Sample Count: 12
[13:43:11] [Server thread/INFO]: Using 4 threads for Netty based IO
[13:43:11] [Server thread/INFO]: Default game type: SURVIVAL
[13:43:11] [Server thread/ERROR]: Encountered an unexpected exception
java.net.UnknownHostException: resolution-wide.gl.joinmc.link: No address associated with hostname
	at java.net.Inet6AddressImpl.lookupAllHostAddr(Native Method) ~[?:?]
	at java.net.InetAddress$PlatformNameService.lookupAllHostAddr(InetAddress.java:930) ~[?:?]
	at java.net.InetAddress.getAddressesFromNameService(InetAddress.java:1543) ~[?:?]
	at java.net.InetAddress$NameServiceAddresses.get(InetAddress.java:848) ~[?:?]
	at java.net.InetAddress.getAllByName0(InetAddress.java:1533) ~[?:?]
	at java.net.InetAddress.getAllByName(InetAddress.java:1386) ~[?:?]
	at java.net.InetAddress.getAllByName(InetAddress.java:1307) ~[?:?]
	at java.net.InetAddress.getByName(InetAddress.java:1257) ~[?:?]
	at net.minecraft.server.v1_16_R3.DedicatedServer.init(DedicatedServer.java:185) ~[patched_1.16.4.jar:git-Paper-416]
	at net.minecraft.server.v1_16_R3.MinecraftServer.w(MinecraftServer.java:935) ~[patched_1.16.4.jar:git-Paper-416]
	at net.minecraft.server.v1_16_R3.MinecraftServer.lambda$a$0(MinecraftServer.java:173) ~[patched_1.16.4.jar:git-Paper-416]
	at java.lang.Thread.run(Thread.java:829) [?:?]
[13:43:11] [Server thread/ERROR]: This crash report has been saved to: /workspaces/SERVER_DEL_A-O_3/servidor_minecraft/./crash-reports/crash-2025-04-10_13.43.11-server.txt
[13:43:11] [Server thread/INFO]: Stopping server
[13:43:11] [Server thread/INFO]: Saving players
[13:43:11] [Server thread/INFO]: Saving worlds
[13:43:11] [Server thread/INFO]: Flushing Chunk IO
[13:43:11] [Server thread/INFO]: Closing Thread Pool
[13:43:11] [Server thread/INFO]: Closing Server
